[1,"Installing 'forecast' ...\n"]
[1,"[1/5] Installing fracdiff...\n"]
[1,"  There is a binary version available but the source version is later:\n"]
[1,"         binary source needs_compilation\n"]
[1,"fracdiff  1.5-1  1.5-2              TRUE\n"]
[2,"installing the source package ‘fracdiff’\n\ntrying URL 'https://cran.rstudio.com/src/contrib/fracdiff_1.5-2.tar.gz'\n"]
[2,"Content type 'application/x-gzip' length 58588 bytes (57 KB)\n==================================================\ndownloaded 57 KB\n\n"]
[2,"* installing *source* package ‘fracdiff’ ...\n** package ‘fracdiff’ successfully unpacked and MD5 sums checked\n** using staged installation\n"]
[2,"** libs\n"]
[1,"clang -I\"/Library/Frameworks/R.framework/Resources/include\" -DNDEBUG   -I/usr/local/include   -fPIC  -Wall -g -O2  -c fdcore.c -o fdcore.o\n"]
[1,"clang -I\"/Library/Frameworks/R.framework/Resources/include\" -DNDEBUG   -I/usr/local/include   -fPIC  -Wall -g -O2  -c fdgam.c -o fdgam.o\n"]
[1,"clang -I\"/Library/Frameworks/R.framework/Resources/include\" -DNDEBUG   -I/usr/local/include   -fPIC  -Wall -g -O2  -c fdhess.c -o fdhess.o\n"]
[1,"clang -I\"/Library/Frameworks/R.framework/Resources/include\" -DNDEBUG   -I/usr/local/include   -fPIC  -Wall -g -O2  -c fdmin.c -o fdmin.o\n"]
[1,"clang -I\"/Library/Frameworks/R.framework/Resources/include\" -DNDEBUG   -I/usr/local/include   -fPIC  -Wall -g -O2  -c fdsim.c -o fdsim.o\n"]
[1,"clang -I\"/Library/Frameworks/R.framework/Resources/include\" -DNDEBUG   -I/usr/local/include   -fPIC  -Wall -g -O2  -c init.c -o init.o\n"]
[1,"clang -I\"/Library/Frameworks/R.framework/Resources/include\" -DNDEBUG   -I/usr/local/include   -fPIC  -Wall -g -O2  -c pmult.c -o pmult.o\n"]
[1,"clang -dynamiclib -Wl,-headerpad_max_install_names -undefined dynamic_lookup -single_module -multiply_defined suppress -L/Library/Frameworks/R.framework/Resources/lib -L/usr/local/lib -o fracdiff.so fdcore.o fdgam.o fdhess.o fdmin.o fdsim.o init.o pmult.o -L/Library/Frameworks/R.framework/Resources/lib -lRblas -L/usr/local/gfortran/lib/gcc/x86_64-apple-darwin18/8.2.0 -L/usr/local/gfortran/lib -lgfortran -lquadmath -lm -F/Library/Frameworks/R.framework/.. -framework R -Wl,-framework -Wl,CoreFoundation\n"]
[2,"ld: warning: directory not found for option '-L/usr/local/gfortran/lib/gcc/x86_64-apple-darwin18/8.2.0'\nld: warning: directory not found for option '-L/usr/local/gfortran/lib'\nld: library not found for -lgfortran\nclang: error: linker command failed with exit code 1 (use -v to see invocation)\nmake: *** [fracdiff.so] Error 1\nERROR: compilation failed for package ‘fracdiff’\n* removing ‘/Library/Frameworks/R.framework/Versions/4.0/Resources/library/fracdiff’\n"]
[1,"[2/5] Installing tseries...\n"]
[2,"\nThe downloaded source packages are in\n\t‘/private/var/folders/fg/885k04tx1c19vmlhfrbl5mc80000gn/T/RtmpnMDe26/downloaded_packages’\n"]
[1,"  There is a binary version available but the source version is later:\n"]
[1,"         binary  source needs_compilation\n"]
[1,"tseries 0.10-50 0.10-52              TRUE\n"]
[2,"installing the source package ‘tseries’\n\ntrying URL 'https://cran.rstudio.com/src/contrib/tseries_0.10-52.tar.gz'\n"]
[2,"Content type 'application/x-gzip' length 165058 bytes (161 KB)\n==================================================\ndownloaded 161 KB\n\n"]
[2,"* installing *source* package ‘tseries’ ...\n** package ‘tseries’ successfully unpacked and MD5 sums checked\n** using staged installation\n** libs\n"]
[1,"clang -I\"/Library/Frameworks/R.framework/Resources/include\" -DNDEBUG   -I/usr/local/include   -fPIC  -Wall -g -O2  -c arma.c -o arma.o\n"]
[1,"clang -I\"/Library/Frameworks/R.framework/Resources/include\" -DNDEBUG   -I/usr/local/include   -fPIC  -Wall -g -O2  -c bdstest.c -o bdstest.o\n"]
[1,"clang -I\"/Library/Frameworks/R.framework/Resources/include\" -DNDEBUG   -I/usr/local/include   -fPIC  -Wall -g -O2  -c boot.c -o boot.o\n"]
[1,"gfortran -mmacosx-version-min=10.13 -fno-optimize-sibling-calls  -fPIC  -Wall -g -O2  -c  cfuncs.f90 -o cfuncs.o\n"]
[1,"[3/5] Installing urca...\n"]
[2,"make: gfortran: No such file or directory\nmake: *** [cfuncs.o] Error 1\nERROR: compilation failed for package ‘tseries’\n* removing ‘/Library/Frameworks/R.framework/Versions/4.0/Resources/library/tseries’\n\nThe downloaded source packages are in\n\t‘/private/var/folders/fg/885k04tx1c19vmlhfrbl5mc80000gn/T/RtmpnMDe26/downloaded_packages’\n"]
[1,"  There is a binary version available but the source version is later:\n"]
[1,"     binary source needs_compilation\n"]
[1,"urca  1.3-0  1.3-3              TRUE\n"]
[2,"installing the source package ‘urca’\n\ntrying URL 'https://cran.rstudio.com/src/contrib/urca_1.3-3.tar.gz'\n"]
[2,"Content type 'application/x-gzip' length 682649 bytes (666 KB)\n======="]
[2,"===========================================\ndownloaded 666 KB\n\n"]
[2,"* installing *source* package ‘urca’ ...\n** package ‘urca’ successfully unpacked and MD5 sums checked\n** using staged installation\n** libs\n"]
[1,"gfortran -mmacosx-version-min=10.13 -fno-optimize-sibling-calls  -fPIC  -Wall -g -O2  -c UnitRootMacKinnon.f -o UnitRootMacKinnon.o\n"]
[1,"[4/5] Installing RcppArmadillo...\n"]
[2,"make: gfortran: No such file or directory\nmake: *** [UnitRootMacKinnon.o] Error 1\nERROR: compilation failed for package ‘urca’\n* removing ‘/Library/Frameworks/R.framework/Versions/4.0/Resources/library/urca’\n\nThe downloaded source packages are in\n\t‘/private/var/folders/fg/885k04tx1c19vmlhfrbl5mc80000gn/T/RtmpnMDe26/downloaded_packages’\n"]
[1,"  There is a binary version available but the source version is later:\n"]
[1,"                  binary     source needs_compilation\n"]
[1,"RcppArmadillo 0.11.0.0.0 0.11.4.2.1              TRUE\n"]
[2,"installing the source package ‘RcppArmadillo’\n\ntrying URL 'https://cran.rstudio.com/src/contrib/RcppArmadillo_0.11.4.2.1.tar.gz'\n"]
[2,"Content type 'application/x-gzip' length 1372103 bytes (1.3 MB)\n======================="]
[2,"===========================\ndownloaded 1.3 MB\n\n"]
[2,"* installing *source* package ‘RcppArmadillo’ ...\n** package ‘RcppArmadillo’ successfully unpacked and MD5 sums checked\n** using staged installation\n"]
[1,"checking whether the C++ compiler works... "]
[1,"yes\n"]
[1,"checking for C++ compiler default output file name... a.out\n"]
[1,"checking for suffix of executables... "]
[1,"checking whether we are cross compiling... "]
[1,"no\n"]
[1,"checking for suffix of object files... "]
[1,"o\n"]
[1,"checking whether the compiler supports GNU C++... "]
[1,"yes\n"]
[1,"checking whether clang++ accepts -g... "]
[1,"yes\n"]
[1,"checking for clang++ option to enable C++11 features... "]
[1,"none needed\n"]
[1,"checking how to run the C++ preprocessor... "]
[1,"clang++ -E\n"]
[1,"checking whether the compiler supports GNU C++... (cached) yes\n"]
[1,"checking whether clang++ accepts -g... (cached) yes\n"]
[1,"checking for clang++ option to enable C++11 features... (cached) none needed\n"]
[1,"checking whether we have a suitable tempdir... "]
[1,"/var/folders/fg/885k04tx1c19vmlhfrbl5mc80000gn/T\n"]
[1,"checking whether R CMD SHLIB can already compile programs using OpenMP... "]
[1,"no\n"]
[1,"checking whether g++ version is sufficient... "]
[1,"almost\n"]
[1,"checking for macOS... "]
[2,"configure: WARNING: Compiler self-identifies as being compliant with GNUC extensions but is not g++.\n"]
[1,"found\n"]
[1,"checking for macOS Apple compiler... not found\n"]
[1,"checking for clang compiler... "]
[1,"found\n"]
[1,"checking for OpenMP compatible version of clang... not found\n"]
[1,"checking LAPACK_LIBS... "]
[2,"configure: WARNING: OpenMP unavailable and turned off.\n"]
[1,"R-supplied partial LAPACK found\n"]
[2,"configure: WARNING: Some complex-valued LAPACK functions may not be available\n"]
[1,"configure: creating ./config.status\n"]
[1,"config.status: creating inst/include/RcppArmadillo/config/RcppArmadilloConfigGenerated.h\n"]
[1,"config.status: creating src/Makevars\n"]
[2,"** libs\n"]
[1,"clang++ -mmacosx-version-min=10.13 -std=gnu++11 -I\"/Library/Frameworks/R.framework/Resources/include\" -DNDEBUG  -I'/Library/Frameworks/R.framework/Versions/4.0/Resources/library/Rcpp/include' -I/usr/local/include  -I../inst/include  -fPIC  -Wall -g -O2  -c RcppArmadillo.cpp -o RcppArmadillo.o\n"]
[2,"In file included from RcppArmadillo.cpp:21:\nIn file included from ../inst/include/RcppArmadillo.h:32:\nIn file included from /Library/Frameworks/R.framework/Versions/4.0/Resources/library/Rcpp/include/Rcpp.h:57:\n/Library/Frameworks/R.framework/Versions/4.0/Resources/library/Rcpp/include/Rcpp/DataFrame.h:136:18: warning: unused variable 'data' [-Wunused-variable]\n            SEXP data = Parent::get__();\n                 ^\n"]
[1,"clang++ -mmacosx-version-min=10.13 -std=gnu++11 -I\"/Library/Frameworks/R.framework/Resources/include\" -DNDEBUG  -I'/Library/Frameworks/R.framework/Versions/4.0/Resources/library/Rcpp/include' -I/usr/local/include  -I../inst/include  -fPIC  -Wall -g -O2  -c RcppExports.cpp -o RcppExports.o\n"]
[2,"1 warning generated.\n"]
[2,"In file included from RcppExports.cpp:4:\nIn file included from ./../inst/include/RcppArmadillo.h:32:\nIn file included from /Library/Frameworks/R.framework/Versions/4.0/Resources/library/Rcpp/include/Rcpp.h:57:\n/Library/Frameworks/R.framework/Versions/4.0/Resources/library/Rcpp/include/Rcpp/DataFrame.h:136:18: warning: unused variable 'data' [-Wunused-variable]\n            SEXP data = Parent::get__();\n                 ^\n"]
[1,"clang++ -mmacosx-version-min=10.13 -std=gnu++11 -I\"/Library/Frameworks/R.framework/Resources/include\" -DNDEBUG  -I'/Library/Frameworks/R.framework/Versions/4.0/Resources/library/Rcpp/include' -I/usr/local/include  -I../inst/include  -fPIC  -Wall -g -O2  -c fastLm.cpp -o fastLm.o\n"]
[2,"1 warning generated.\n"]
[2,"In file included from fastLm.cpp:22:\nIn file included from ../inst/include/RcppArmadillo.h:32:\nIn file included from /Library/Frameworks/R.framework/Versions/4.0/Resources/library/Rcpp/include/Rcpp.h:57:\n/Library/Frameworks/R.framework/Versions/4.0/Resources/library/Rcpp/include/Rcpp/DataFrame.h:136:18: warning: unused variable 'data' [-Wunused-variable]\n            SEXP data = Parent::get__();\n                 ^\n"]
[1,"clang++ -mmacosx-version-min=10.13 -std=gnu++11 -dynamiclib -Wl,-headerpad_max_install_names -undefined dynamic_lookup -single_module -multiply_defined suppress -L/Library/Frameworks/R.framework/Resources/lib -L/usr/local/lib -o RcppArmadillo.so RcppArmadillo.o RcppExports.o fastLm.o -L/Library/Frameworks/R.framework/Resources/lib -lRlapack -L/Library/Frameworks/R.framework/Resources/lib -lRblas -L/usr/local/gfortran/lib/gcc/x86_64-apple-darwin18/8.2.0 -L/usr/local/gfortran/lib -lgfortran -lquadmath -lm -F/Library/Frameworks/R.framework/.. -framework R -Wl,-framework -Wl,CoreFoundation\n"]
[2,"1 warning generated.\n"]
[2,"ld: warning: directory not found for option '-L/usr/local/gfortran/lib/gcc/x86_64-apple-darwin18/8.2.0'\nld: warning: directory not found for option '-L/usr/local/gfortran/lib'\nld: library not found for -lgfortran\nclang: error: linker command failed with exit code 1 (use -v to see invocation)\nmake: *** [RcppArmadillo.so] Error 1\nERROR: compilation failed for package ‘RcppArmadillo’\n* removing ‘/Library/Frameworks/R.framework/Versions/4.0/Resources/library/RcppArmadillo’\n"]
[1,"[5/5] Installing forecast...\n"]
[2,"\nThe downloaded source packages are in\n\t‘/private/var/folders/fg/885k04tx1c19vmlhfrbl5mc80000gn/T/RtmpnMDe26/downloaded_packages’\n"]
[2,"also installing the dependencies ‘fracdiff’, ‘tseries’, ‘urca’, ‘RcppArmadillo’\n\n"]
[1,"  There are binary versions available but the source versions are later:\n"]
[1,"                  binary     source needs_compilation\n"]
[1,"fracdiff           1.5-1      1.5-2              TRUE\n"]
[1,"tseries          0.10-50    0.10-52              TRUE\n"]
[1,"urca               1.3-0      1.3-3              TRUE\n"]
[1,"RcppArmadillo 0.11.0.0.0 0.11.4.2.1              TRUE\n"]
[1,"forecast            8.16       8.19              TRUE\n"]
[2,"installing the source packages ‘fracdiff’, ‘tseries’, ‘urca’, ‘RcppArmadillo’, ‘forecast’\n\ntrying URL 'https://cran.rstudio.com/src/contrib/fracdiff_1.5-2.tar.gz'\n"]
[2,"Content type 'application/x-gzip' length 58588 bytes (57 KB)\n==========================="]
[2,"=======================\ndownloaded 57 KB\n\ntrying URL 'https://cran.rstudio.com/src/contrib/tseries_0.10-52.tar.gz'\n"]
[2,"Content type 'application/x-gzip' length 165058 bytes (161 KB)\n============================="]
[2,"=====================\ndownloaded 161 KB\n\ntrying URL 'https://cran.rstudio.com/src/contrib/urca_1.3-3.tar.gz'\n"]
[2,"Content type 'application/x-gzip' length 682649 bytes (666 KB)\n=="]
[2,"======================================"]
[2,"==========\ndownloaded 666 KB\n\ntrying URL 'https://cran.rstudio.com/src/contrib/RcppArmadillo_0.11.4.2.1.tar.gz'\n"]
[2,"Content type 'application/x-gzip' length 1372103 bytes (1.3 MB)\n="]
[2,"============================"]
[2,"=====================\ndownloaded 1.3 MB\n\ntrying URL 'https://cran.rstudio.com/src/contrib/forecast_8.19.tar.gz'\n"]
[2,"Content type 'application/x-gzip' length 592641 bytes (578 KB)\n========"]
[2,"===="]
[2,"======================================\ndownloaded 578 KB\n\n"]
[2,"* installing *source* package ‘fracdiff’ ...\n** package ‘fracdiff’ successfully unpacked and MD5 sums checked\n** using staged installation\n"]
[1,"clang -I\"/Library/Frameworks/R.framework/Resources/include\" -DNDEBUG   -I/usr/local/include   -fPIC  -Wall -g -O2  -c fdcore.c -o fdcore.o\n"]
[2,"** libs\n"]
[1,"clang -I\"/Library/Frameworks/R.framework/Resources/include\" -DNDEBUG   -I/usr/local/include   -fPIC  -Wall -g -O2  -c fdgam.c -o fdgam.o\n"]
[1,"clang -I\"/Library/Frameworks/R.framework/Resources/include\" -DNDEBUG   -I/usr/local/include   -fPIC  -Wall -g -O2  -c fdhess.c -o fdhess.o\n"]
[1,"clang -I\"/Library/Frameworks/R.framework/Resources/include\" -DNDEBUG   -I/usr/local/include   -fPIC  -Wall -g -O2  -c fdmin.c -o fdmin.o\n"]
[1,"clang -I\"/Library/Frameworks/R.framework/Resources/include\" -DNDEBUG   -I/usr/local/include   -fPIC  -Wall -g -O2  -c fdsim.c -o fdsim.o\n"]
[1,"clang -I\"/Library/Frameworks/R.framework/Resources/include\" -DNDEBUG   -I/usr/local/include   -fPIC  -Wall -g -O2  -c init.c -o init.o\n"]
[1,"clang -I\"/Library/Frameworks/R.framework/Resources/include\" -DNDEBUG   -I/usr/local/include   -fPIC  -Wall -g -O2  -c pmult.c -o pmult.o\n"]
[1,"clang -dynamiclib -Wl,-headerpad_max_install_names -undefined dynamic_lookup -single_module -multiply_defined suppress -L/Library/Frameworks/R.framework/Resources/lib -L/usr/local/lib -o fracdiff.so fdcore.o fdgam.o fdhess.o fdmin.o fdsim.o init.o pmult.o -L/Library/Frameworks/R.framework/Resources/lib -lRblas -L/usr/local/gfortran/lib/gcc/x86_64-apple-darwin18/8.2.0 -L/usr/local/gfortran/lib -lgfortran -lquadmath -lm -F/Library/Frameworks/R.framework/.. -framework R -Wl,-framework -Wl,CoreFoundation\n"]
[2,"ld: warning: directory not found for option '-L/usr/local/gfortran/lib/gcc/x86_64-apple-darwin18/8.2.0'\nld: warning: directory not found for option '-L/usr/local/gfortran/lib'\nld: library not found for -lgfortran\nclang: error: linker command failed with exit code 1 (use -v to see invocation)\nmake: *** [fracdiff.so] Error 1\nERROR: compilation failed for package ‘fracdiff’\n* removing ‘/Library/Frameworks/R.framework/Versions/4.0/Resources/library/fracdiff’\n"]
[1,"clang -I\"/Library/Frameworks/R.framework/Resources/include\" -DNDEBUG   -I/usr/local/include   -fPIC  -Wall -g -O2  -c arma.c -o arma.o\n"]
[2,"* installing *source* package ‘tseries’ ...\n** package ‘tseries’ successfully unpacked and MD5 sums checked\n** using staged installation\n** libs\n"]
[1,"clang -I\"/Library/Frameworks/R.framework/Resources/include\" -DNDEBUG   -I/usr/local/include   -fPIC  -Wall -g -O2  -c bdstest.c -o bdstest.o\n"]
[1,"clang -I\"/Library/Frameworks/R.framework/Resources/include\" -DNDEBUG   -I/usr/local/include   -fPIC  -Wall -g -O2  -c boot.c -o boot.o\n"]
[1,"gfortran -mmacosx-version-min=10.13 -fno-optimize-sibling-calls  -fPIC  -Wall -g -O2  -c  cfuncs.f90 -o cfuncs.o\n"]
[2,"make: gfortran: No such file or directory\nmake: *** [cfuncs.o] Error 1\nERROR: compilation failed for package ‘tseries’\n* removing ‘/Library/Frameworks/R.framework/Versions/4.0/Resources/library/tseries’\n"]
[2,"* installing *source* package ‘urca’ ...\n"]
[1,"gfortran -mmacosx-version-min=10.13 -fno-optimize-sibling-calls  -fPIC  -Wall -g -O2  -c UnitRootMacKinnon.f -o UnitRootMacKinnon.o\n"]
[2,"** package ‘urca’ successfully unpacked and MD5 sums checked\n** using staged installation\n** libs\nmake: gfortran: No such file or directory\nmake: *** [UnitRootMacKinnon.o] Error 1\nERROR: compilation failed for package ‘urca’\n* removing ‘/Library/Frameworks/R.framework/Versions/4.0/Resources/library/urca’\n"]
[2,"* installing *source* package ‘RcppArmadillo’ ...\n"]
[2,"** package ‘RcppArmadillo’ successfully unpacked and MD5 sums checked\n** using staged installation\n"]
[1,"checking whether the C++ compiler works... "]
[1,"yes\n"]
[1,"checking for C++ compiler default output file name... a.out\n"]
[1,"checking for suffix of executables... "]
[1,"checking whether we are cross compiling... "]
[1,"no\n"]
[1,"checking for suffix of object files... "]
[1,"o\n"]
[1,"checking whether the compiler supports GNU C++... "]
[1,"yes\n"]
[1,"checking whether clang++ accepts -g... "]
[1,"yes\n"]
[1,"checking for clang++ option to enable C++11 features... "]
[1,"none needed\n"]
[1,"checking how to run the C++ preprocessor... "]
[1,"clang++ -E\n"]
[1,"checking whether the compiler supports GNU C++... (cached) yes\n"]
[1,"checking whether clang++ accepts -g... (cached) yes\n"]
[1,"checking for clang++ option to enable C++11 features... (cached) none needed\n"]
[1,"checking whether we have a suitable tempdir... "]
[1,"/var/folders/fg/885k04tx1c19vmlhfrbl5mc80000gn/T\n"]
[1,"checking whether R CMD SHLIB can already compile programs using OpenMP... "]
[1,"no\n"]
[1,"checking whether g++ version is sufficient... almost\n"]
[1,"checking for macOS... "]
[2,"configure: WARNING: Compiler self-identifies as being compliant with GNUC extensions but is not g++.\n"]
[1,"found\n"]
[1,"checking for macOS Apple compiler... "]
[1,"not found\n"]
[1,"checking for clang compiler... found\n"]
[1,"checking for OpenMP compatible version of clang... "]
[1,"not found\n"]
[1,"checking LAPACK_LIBS... "]
[2,"configure: WARNING: OpenMP unavailable and turned off.\n"]
[1,"R-supplied partial LAPACK found\n"]
[2,"configure: WARNING: Some complex-valued LAPACK functions may not be available\n"]
[1,"configure: creating ./config.status\n"]
[1,"config.status: creating inst/include/RcppArmadillo/config/RcppArmadilloConfigGenerated.h\n"]
[1,"config.status: creating src/Makevars\n"]
[1,"clang++ -mmacosx-version-min=10.13 -std=gnu++11 -I\"/Library/Frameworks/R.framework/Resources/include\" -DNDEBUG  -I'/Library/Frameworks/R.framework/Versions/4.0/Resources/library/Rcpp/include' -I/usr/local/include  -I../inst/include  -fPIC  -Wall -g -O2  -c RcppArmadillo.cpp -o RcppArmadillo.o\n"]
[2,"** libs\n"]
[2,"In file included from RcppArmadillo.cpp:21:\nIn file included from ../inst/include/RcppArmadillo.h:32:\nIn file included from /Library/Frameworks/R.framework/Versions/4.0/Resources/library/Rcpp/include/Rcpp.h:57:\n/Library/Frameworks/R.framework/Versions/4.0/Resources/library/Rcpp/include/Rcpp/DataFrame.h:136:18: warning: unused variable 'data' [-Wunused-variable]\n            SEXP data = Parent::get__();\n                 ^\n"]
[1,"clang++ -mmacosx-version-min=10.13 -std=gnu++11 -I\"/Library/Frameworks/R.framework/Resources/include\" -DNDEBUG  -I'/Library/Frameworks/R.framework/Versions/4.0/Resources/library/Rcpp/include' -I/usr/local/include  -I../inst/include  -fPIC  -Wall -g -O2  -c RcppExports.cpp -o RcppExports.o\n"]
[2,"1 warning generated.\n"]
[2,"In file included from RcppExports.cpp:4:\nIn file included from ./../inst/include/RcppArmadillo.h:32:\nIn file included from /Library/Frameworks/R.framework/Versions/4.0/Resources/library/Rcpp/include/Rcpp.h:57:\n/Library/Frameworks/R.framework/Versions/4.0/Resources/library/Rcpp/include/Rcpp/DataFrame.h:136:18: warning: unused variable 'data' [-Wunused-variable]\n            SEXP data = Parent::get__();\n                 ^\n"]
[2,"1 warning generated.\n"]
[1,"clang++ -mmacosx-version-min=10.13 -std=gnu++11 -I\"/Library/Frameworks/R.framework/Resources/include\" -DNDEBUG  -I'/Library/Frameworks/R.framework/Versions/4.0/Resources/library/Rcpp/include' -I/usr/local/include  -I../inst/include  -fPIC  -Wall -g -O2  -c fastLm.cpp -o fastLm.o\n"]
[2,"In file included from fastLm.cpp:22:\nIn file included from ../inst/include/RcppArmadillo.h:32:\nIn file included from /Library/Frameworks/R.framework/Versions/4.0/Resources/library/Rcpp/include/Rcpp.h:57:\n/Library/Frameworks/R.framework/Versions/4.0/Resources/library/Rcpp/include/Rcpp/DataFrame.h:136:18: warning: unused variable 'data' [-Wunused-variable]\n            SEXP data = Parent::get__();\n                 ^\n"]
[1,"clang++ -mmacosx-version-min=10.13 -std=gnu++11 -dynamiclib -Wl,-headerpad_max_install_names -undefined dynamic_lookup -single_module -multiply_defined suppress -L/Library/Frameworks/R.framework/Resources/lib -L/usr/local/lib -o RcppArmadillo.so RcppArmadillo.o RcppExports.o fastLm.o -L/Library/Frameworks/R.framework/Resources/lib -lRlapack -L/Library/Frameworks/R.framework/Resources/lib -lRblas -L/usr/local/gfortran/lib/gcc/x86_64-apple-darwin18/8.2.0 -L/usr/local/gfortran/lib -lgfortran -lquadmath -lm -F/Library/Frameworks/R.framework/.. -framework R -Wl,-framework -Wl,CoreFoundation\n"]
[2,"1 warning generated.\n"]
[2,"ld: warning: directory not found for option '-L/usr/local/gfortran/lib/gcc/x86_64-apple-darwin18/8.2.0'\nld: warning: directory not found for option '-L/usr/local/gfortran/lib'\nld: library not found for -lgfortran\nclang: error: linker command failed with exit code 1 (use -v to see invocation)\nmake: *** [RcppArmadillo.so] Error 1\nERROR: compilation failed for package ‘RcppArmadillo’\n* removing ‘/Library/Frameworks/R.framework/Versions/4.0/Resources/library/RcppArmadillo’\n"]
[2,"ERROR: dependencies ‘fracdiff’, ‘tseries’, ‘urca’, ‘RcppArmadillo’ are not available for package ‘forecast’\n* removing ‘/Library/Frameworks/R.framework/Versions/4.0/Resources/library/forecast’\n"]
[2,"\nThe downloaded source packages are in\n\t‘/private/var/folders/fg/885k04tx1c19vmlhfrbl5mc80000gn/T/RtmpnMDe26/downloaded_packages’\n\n\n✔ Package 'forecast' successfully installed.\nWarning messages:\n1: In utils::install.packages(\"fracdiff\", repos = \"https://cran.rstudio.com/\") :\n  installation of package ‘fracdiff’ had non-zero exit status\n2: In utils::install.packages(\"tseries\", repos = \"https://cran.rstudio.com/\") :\n  installation of package ‘tseries’ had non-zero exit status\n3: In utils::install.packages(\"urca\", repos = \"https://cran.rstudio.com/\") :\n  installation of package ‘urca’ had non-zero exit status\n4: In utils::install.packages(\"RcppArmadillo\", repos = \"https://cran.rstudio.com/\") :\n  installation of package ‘RcppArmadillo’ had non-zero exit status\n5: In utils::install.packages(\"forecast\", repos = \"https://cran.rstudio.com/\") :\n  installation of package ‘fracdiff’ had non-zero exit status\n6: In utils::install.packages(\"forecast\", repos = \"https://cran.rstudio.com/\") :\n  installation of package ‘tseries’ had non-zero exit status\n7: In utils::install.packages(\"forecast\", repos = \"https://cran.rstudio.com/\") :\n  installation of package ‘urca’ had non-zero exit status\n8: In utils::install.packages(\"forecast\", repos = \"https://cran.rstudio.com/\") :\n  installation of package ‘RcppArmadillo’ had non-zero exit status\n9: In utils::install.packages(\"forecast\", repos = \"https://cran.rstudio.com/\") :\n  installation of package ‘forecast’ had non-zero exit status\n"]
